<?xml version="1.0" encoding="UTF-8"?>
<!-- Generated by org.testng.reporters.JUnitReportReporter -->
<testsuite hostname="DESKTOP-3DCMKBJ" failures="0" tests="1" name="test.GetTest" time="2.715" errors="0" timestamp="19 Sep 2019 13:05:11 GMT" skipped="0">
  <testcase classname="test.GetTest" name="postUserDetails" time="2.715"/>
</testsuite> <!-- test.GetTest -->
